Start testing: Nov 07 00:05 UTC
----------------------------------------------------------
25/168 Testing: t_byte_stream_construction
25/168 Test: t_byte_stream_construction
Command: "/sponge/build/tests/byte_stream_construction"
Directory: /sponge/build
"t_byte_stream_construction" start time: Nov 07 00:05 UTC
Output:
----------------------------------------------------------
<end of output>
Test time =   0.01 sec
----------------------------------------------------------
Test Passed.
"t_byte_stream_construction" end time: Nov 07 00:05 UTC
"t_byte_stream_construction" time elapsed: 00:00:00
----------------------------------------------------------

26/168 Testing: t_byte_stream_one_write
26/168 Test: t_byte_stream_one_write
Command: "/sponge/build/tests/byte_stream_one_write"
Directory: /sponge/build
"t_byte_stream_one_write" start time: Nov 07 00:05 UTC
Output:
----------------------------------------------------------
<end of output>
Test time =   0.01 sec
----------------------------------------------------------
Test Passed.
"t_byte_stream_one_write" end time: Nov 07 00:05 UTC
"t_byte_stream_one_write" time elapsed: 00:00:00
----------------------------------------------------------

27/168 Testing: t_byte_stream_two_writes
27/168 Test: t_byte_stream_two_writes
Command: "/sponge/build/tests/byte_stream_two_writes"
Directory: /sponge/build
"t_byte_stream_two_writes" start time: Nov 07 00:05 UTC
Output:
----------------------------------------------------------
<end of output>
Test time =   0.01 sec
----------------------------------------------------------
Test Passed.
"t_byte_stream_two_writes" end time: Nov 07 00:05 UTC
"t_byte_stream_two_writes" time elapsed: 00:00:00
----------------------------------------------------------

28/168 Testing: t_byte_stream_capacity
28/168 Test: t_byte_stream_capacity
Command: "/sponge/build/tests/byte_stream_capacity"
Directory: /sponge/build
"t_byte_stream_capacity" start time: Nov 07 00:05 UTC
Output:
----------------------------------------------------------
<end of output>
Test time =   0.22 sec
----------------------------------------------------------
Test Passed.
"t_byte_stream_capacity" end time: Nov 07 00:06 UTC
"t_byte_stream_capacity" time elapsed: 00:00:00
----------------------------------------------------------

29/168 Testing: t_byte_stream_many_writes
29/168 Test: t_byte_stream_many_writes
Command: "/sponge/build/tests/byte_stream_many_writes"
Directory: /sponge/build
"t_byte_stream_many_writes" start time: Nov 07 00:06 UTC
Output:
----------------------------------------------------------
<end of output>
Test time =   0.01 sec
----------------------------------------------------------
Test Passed.
"t_byte_stream_many_writes" end time: Nov 07 00:06 UTC
"t_byte_stream_many_writes" time elapsed: 00:00:00
----------------------------------------------------------

30/168 Testing: t_webget
30/168 Test: t_webget
Command: "/sponge/tests/webget_t.sh"
Directory: /sponge/build
"t_webget" start time: Nov 07 00:06 UTC
Output:
----------------------------------------------------------
Function called: get_URL(cs144.keithw.org, /nph-hasher/xyzzy).
Warning: get_URL() has not been implemented yet.
ERROR: webget returned output that did not match the test's expectations
<end of output>
Test time =   0.03 sec
----------------------------------------------------------
Test Failed.
"t_webget" end time: Nov 07 00:06 UTC
"t_webget" time elapsed: 00:00:00
----------------------------------------------------------

52/168 Testing: t_address_dt
52/168 Test: t_address_dt
Command: "/sponge/build/doctests/address_dt"
Directory: /sponge/build
"t_address_dt" start time: Nov 07 00:06 UTC
Output:
----------------------------------------------------------
<end of output>
Test time =   0.02 sec
----------------------------------------------------------
Test Passed.
"t_address_dt" end time: Nov 07 00:06 UTC
"t_address_dt" time elapsed: 00:00:00
----------------------------------------------------------

53/168 Testing: t_parser_dt
53/168 Test: t_parser_dt
Command: "/sponge/build/doctests/parser_dt"
Directory: /sponge/build
"t_parser_dt" start time: Nov 07 00:06 UTC
Output:
----------------------------------------------------------
<end of output>
Test time =   0.01 sec
----------------------------------------------------------
Test Passed.
"t_parser_dt" end time: Nov 07 00:06 UTC
"t_parser_dt" time elapsed: 00:00:00
----------------------------------------------------------

54/168 Testing: t_socket_dt
54/168 Test: t_socket_dt
Command: "/sponge/build/doctests/socket_dt"
Directory: /sponge/build
"t_socket_dt" start time: Nov 07 00:06 UTC
Output:
----------------------------------------------------------
<end of output>
Test time =   0.01 sec
----------------------------------------------------------
Test Passed.
"t_socket_dt" end time: Nov 07 00:06 UTC
"t_socket_dt" time elapsed: 00:00:00
----------------------------------------------------------

End testing: Nov 07 00:06 UTC
